0 info it worked if it ends with ok
1 verbose cli [ 'C:\\Program Files\\nodejs\\node.exe',
1 verbose cli   'C:\\Program Files\\nodejs\\node_modules\\npm\\bin\\npm-cli.js',
1 verbose cli   'install',
1 verbose cli   'zipalign' ]
2 info using npm@2.14.7
3 info using node@v4.2.1
4 verbose install initial load of D:\Users\rmouille\Documents\Projets\AppliForum\package.json
5 warn package.json appliforum@1.1.1 No repository field.
6 warn package.json appliforum@1.1.1 No license field.
7 verbose installManyTop reading scoped package data from D:\Users\rmouille\Documents\Projets\AppliForum\node_modules\bower\package.json
8 verbose installManyTop reading scoped package data from D:\Users\rmouille\Documents\Projets\AppliForum\node_modules\gulp\package.json
9 verbose installManyTop reading scoped package data from D:\Users\rmouille\Documents\Projets\AppliForum\node_modules\gulp-concat\package.json
10 verbose installManyTop reading scoped package data from D:\Users\rmouille\Documents\Projets\AppliForum\node_modules\gulp-minify-css\package.json
11 verbose installManyTop reading scoped package data from D:\Users\rmouille\Documents\Projets\AppliForum\node_modules\gulp-rename\package.json
12 verbose installManyTop reading scoped package data from D:\Users\rmouille\Documents\Projets\AppliForum\node_modules\gulp-sass\package.json
13 verbose installManyTop reading scoped package data from D:\Users\rmouille\Documents\Projets\AppliForum\node_modules\gulp-util\package.json
14 verbose installManyTop reading scoped package data from D:\Users\rmouille\Documents\Projets\AppliForum\node_modules\shelljs\package.json
15 info package.json gulp-rename@1.2.2 No license field.
16 info package.json shelljs@0.3.0 license should be a valid SPDX license expression
17 info package.json gulp-minify-css@0.3.13 No license field.
18 info package.json gulp-util@2.2.20 No license field.
19 verbose readDependencies loading dependencies from D:\Users\rmouille\Documents\Projets\AppliForum\package.json
20 silly cache add args [ 'zipalign', null ]
21 verbose cache add spec zipalign
22 silly cache add parsed spec Result {
22 silly cache add   raw: 'zipalign',
22 silly cache add   scope: null,
22 silly cache add   name: 'zipalign',
22 silly cache add   rawSpec: '',
22 silly cache add   spec: '*',
22 silly cache add   type: 'range' }
23 silly addNamed zipalign@*
24 verbose addNamed "*" is a valid semver range for zipalign
25 silly addNameRange { name: 'zipalign', range: '*', hasData: false }
26 silly mapToRegistry name zipalign
27 silly mapToRegistry using default registry
28 silly mapToRegistry registry https://registry.npmjs.org/
29 silly mapToRegistry uri https://registry.npmjs.org/zipalign
30 verbose addNameRange registry:https://registry.npmjs.org/zipalign not in flight; fetching
31 verbose request uri https://registry.npmjs.org/zipalign
32 verbose request no auth needed
33 info attempt registry request try #1 at 10:42:55
34 verbose request id 51b1f4221a87e3ec
35 http request GET https://registry.npmjs.org/zipalign
36 http 404 https://registry.npmjs.org/zipalign
37 verbose headers { 'content-type': 'application/json',
37 verbose headers   'cache-control': 'max-age=0',
37 verbose headers   'content-length': '2',
37 verbose headers   'accept-ranges': 'bytes',
37 verbose headers   date: 'Wed, 13 Jan 2016 09:42:55 GMT',
37 verbose headers   via: '1.1 varnish',
37 verbose headers   age: '0',
37 verbose headers   connection: 'keep-alive',
37 verbose headers   'x-served-by': 'cache-lcy1128-LCY',
37 verbose headers   'x-cache': 'MISS',
37 verbose headers   'x-cache-hits': '0',
37 verbose headers   'x-timer': 'S1452678175.355642,VS0,VE165' }
38 silly get cb [ 404,
38 silly get   { 'content-type': 'application/json',
38 silly get     'cache-control': 'max-age=0',
38 silly get     'content-length': '2',
38 silly get     'accept-ranges': 'bytes',
38 silly get     date: 'Wed, 13 Jan 2016 09:42:55 GMT',
38 silly get     via: '1.1 varnish',
38 silly get     age: '0',
38 silly get     connection: 'keep-alive',
38 silly get     'x-served-by': 'cache-lcy1128-LCY',
38 silly get     'x-cache': 'MISS',
38 silly get     'x-cache-hits': '0',
38 silly get     'x-timer': 'S1452678175.355642,VS0,VE165' } ]
39 verbose stack Error: Registry returned 404 for GET on https://registry.npmjs.org/zipalign
39 verbose stack     at makeError (C:\Program Files\nodejs\node_modules\npm\node_modules\npm-registry-client\lib\request.js:264:12)
39 verbose stack     at CachingRegistryClient.<anonymous> (C:\Program Files\nodejs\node_modules\npm\node_modules\npm-registry-client\lib\request.js:242:14)
39 verbose stack     at Request._callback (C:\Program Files\nodejs\node_modules\npm\node_modules\npm-registry-client\lib\request.js:172:14)
39 verbose stack     at Request.self.callback (C:\Program Files\nodejs\node_modules\npm\node_modules\request\request.js:198:22)
39 verbose stack     at emitTwo (events.js:87:13)
39 verbose stack     at Request.emit (events.js:172:7)
39 verbose stack     at Request.<anonymous> (C:\Program Files\nodejs\node_modules\npm\node_modules\request\request.js:1063:14)
39 verbose stack     at emitOne (events.js:82:20)
39 verbose stack     at Request.emit (events.js:169:7)
39 verbose stack     at IncomingMessage.<anonymous> (C:\Program Files\nodejs\node_modules\npm\node_modules\request\request.js:1009:12)
40 verbose statusCode 404
41 verbose pkgid zipalign
42 verbose cwd D:\Users\rmouille\Documents\Projets\AppliForum
43 error Windows_NT 6.1.7601
44 error argv "C:\\Program Files\\nodejs\\node.exe" "C:\\Program Files\\nodejs\\node_modules\\npm\\bin\\npm-cli.js" "install" "zipalign"
45 error node v4.2.1
46 error npm  v2.14.7
47 error code E404
48 error 404 Registry returned 404 for GET on https://registry.npmjs.org/zipalign
48 error 404
48 error 404 'zipalign' is not in the npm registry.
48 error 404 You should bug the author to publish it (or use the name yourself!)
48 error 404 It was specified as a dependency of 'appliforum'
48 error 404
48 error 404 Note that you can also install from a
48 error 404 tarball, folder, http url, or git url.
49 verbose exit [ 1, true ]
